<?xml version="1.0" encoding="UTF-8"?>
<!-- Generated by org.testng.reporters.JUnitXMLReporter -->
<testsuite ignored="0" hostname="WS-135" failures="1" tests="6" name="Test7" time="58.11" errors="0" timestamp="2024-08-01T18:43:09 IST">
  <testcase classname="subscribers.subscriber" name="setup" time="10.449"/>
  <testcase classname="subscribers.subscriber" name="loginWithRightCredentials" time="13.459"/>
  <testcase classname="subscribers.subscriber" name="subscriber1" time="11.121"/>
  <testcase classname="subscribers.subscriber" name="addsub" time="3.234">
    <failure type="org.openqa.selenium.ElementClickInterceptedException" message="element click intercepted: Element &amp;lt;a _ngcontent-lou-c4=&amp;quot;&amp;quot; class=&amp;quot;btn btn-success pull-right&amp;quot;&amp;gt;...&amp;lt;/a&amp;gt; is not clickable at point (1820, 99). Other element would receive the click: &amp;lt;div class=&amp;quot;ui-blockui ui-widget-overlay ui-blockui-document&amp;quot; ng-reflect-klass=&amp;quot;ui-blockui ui-widget-overlay&amp;quot; ng-reflect-ng-class=&amp;quot;[object Object]&amp;quot; ng-reflect-ng-style=&amp;quot;[object Object]&amp;quot; style=&amp;quot;display: block; z-index: 1001;&amp;quot;&amp;gt;&amp;lt;/div&amp;gt;
  (Session info: chrome=127.0.6533.88)
Build info: version: &amp;apos;4.22.0&amp;apos;, revision: &amp;apos;c5f3146703*&amp;apos;
System info: os.name: &amp;apos;Windows 10&amp;apos;, os.arch: &amp;apos;amd64&amp;apos;, os.version: &amp;apos;10.0&amp;apos;, java.version: &amp;apos;17.0.6&amp;apos;
Driver info: org.openqa.selenium.chrome.ChromeDriver
Command: [98020734983372dd4694d39526865028, clickElement {id=f.8775ED4DEC196FF56937C7206F7EEED7.d.C09C9ABB62B20AB7299D4E7C0ED3D372.e.1031}]
Capabilities {acceptInsecureCerts: false, browserName: chrome, browserVersion: 127.0.6533.88, chrome: {chromedriverVersion: 127.0.6533.88 (a2d0cb026721..., userDataDir: C:\Users\vishal\AppData\Loc...}, fedcm:accounts: true, goog:chromeOptions: {debuggerAddress: localhost:62116}, networkConnectionEnabled: false, pageLoadStrategy: normal, platformName: windows, proxy: Proxy(), se:cdp: ws://localhost:62116/devtoo..., se:cdpVersion: 127.0.6533.88, setWindowRect: true, strictFileInteractability: false, timeouts: {implicit: 0, pageLoad: 300000, script: 30000}, unhandledPromptBehavior: dismiss and notify, webauthn:extension:credBlob: true, webauthn:extension:largeBlob: true, webauthn:extension:minPinLength: true, webauthn:extension:prf: true, webauthn:virtualAuthenticators: true}
Element: [[ChromeDriver: chrome on windows (98020734983372dd4694d39526865028)] -&amp;gt; xpath: //a[@class=&amp;quot;btn btn-success pull-right&amp;quot;]]
Session ID: 98020734983372dd4694d39526865028">
      <![CDATA[org.openqa.selenium.ElementClickInterceptedException: element click intercepted: Element <a _ngcontent-lou-c4="" class="btn btn-success pull-right">...</a> is not clickable at point (1820, 99). Other element would receive the click: <div class="ui-blockui ui-widget-overlay ui-blockui-document" ng-reflect-klass="ui-blockui ui-widget-overlay" ng-reflect-ng-class="[object Object]" ng-reflect-ng-style="[object Object]" style="display: block; z-index: 1001;"></div>
  (Session info: chrome=127.0.6533.88)
Build info: version: '4.22.0', revision: 'c5f3146703*'
System info: os.name: 'Windows 10', os.arch: 'amd64', os.version: '10.0', java.version: '17.0.6'
Driver info: org.openqa.selenium.chrome.ChromeDriver
Command: [98020734983372dd4694d39526865028, clickElement {id=f.8775ED4DEC196FF56937C7206F7EEED7.d.C09C9ABB62B20AB7299D4E7C0ED3D372.e.1031}]
Capabilities {acceptInsecureCerts: false, browserName: chrome, browserVersion: 127.0.6533.88, chrome: {chromedriverVersion: 127.0.6533.88 (a2d0cb026721..., userDataDir: C:\Users\vishal\AppData\Loc...}, fedcm:accounts: true, goog:chromeOptions: {debuggerAddress: localhost:62116}, networkConnectionEnabled: false, pageLoadStrategy: normal, platformName: windows, proxy: Proxy(), se:cdp: ws://localhost:62116/devtoo..., se:cdpVersion: 127.0.6533.88, setWindowRect: true, strictFileInteractability: false, timeouts: {implicit: 0, pageLoad: 300000, script: 30000}, unhandledPromptBehavior: dismiss and notify, webauthn:extension:credBlob: true, webauthn:extension:largeBlob: true, webauthn:extension:minPinLength: true, webauthn:extension:prf: true, webauthn:virtualAuthenticators: true}
Element: [[ChromeDriver: chrome on windows (98020734983372dd4694d39526865028)] -> xpath: //a[@class="btn btn-success pull-right"]]
Session ID: 98020734983372dd4694d39526865028
at org.openqa.selenium.remote.ErrorCodec.decode(ErrorCodec.java:167)
at org.openqa.selenium.remote.codec.w3c.W3CHttpResponseCodec.decode(W3CHttpResponseCodec.java:138)
at org.openqa.selenium.remote.codec.w3c.W3CHttpResponseCodec.decode(W3CHttpResponseCodec.java:50)
at org.openqa.selenium.remote.HttpCommandExecutor.execute(HttpCommandExecutor.java:190)
at org.openqa.selenium.remote.service.DriverCommandExecutor.invokeExecute(DriverCommandExecutor.java:216)
at org.openqa.selenium.remote.service.DriverCommandExecutor.execute(DriverCommandExecutor.java:174)
at org.openqa.selenium.remote.RemoteWebDriver.execute(RemoteWebDriver.java:518)
at org.openqa.selenium.remote.RemoteWebElement.execute(RemoteWebElement.java:223)
at org.openqa.selenium.remote.RemoteWebElement.click(RemoteWebElement.java:76)
at subscribers.subscriber.addsub(subscriber.java:103)
at java.base/java.util.ArrayList.forEach(ArrayList.java:1511)
... Removed 32 stack frames]]>
    </failure>
  </testcase> <!-- addsub -->
  <testcase classname="subscribers.subscriber" name="editsubs" time="7.248"/>
  <testcase classname="subscribers.subscriber" name="deletesub" time="12.567"/>
</testsuite> <!-- Test7 -->
